1: 25 26
2: 27 28
3: 29 30
4: 31 32
5: 21 22
6: 23 24
7: 33 34
8: 35 36
9: 12 82
10: 11 81
11: 10 80
12: 9 79
13: 18 68
14: 17 67
15: 20 66
16: 19 65
17: 14 54
18: 13 53
19: 16 56
20: 15 55
21: 5 58
22: 5 58
23: 6 57
24: 6 57
25: 1 54
26: 1 54
27: 2 53
28: 2 53
29: 3 56
30: 3 56
31: 4 55
32: 4 55
33: 7 52
34: 7 52
35: 8 51
36: 8 51
37: 66 70
38: 65 69
39: 64 72
40: 63 71
41: 62 78
42: 61 77
43: 62 68
44: 61 67
45: 59 76
46: 60 75
47: 59 74
48: 60 73
49: 52 64
50: 51 63
51: 35 36 50 78
52: 33 34 49 77
53: 18 27 28 68
54: 17 25 26 67
55: 20 31 32 66
56: 19 29 30 65
57: 23 24 62 68
58: 21 22 61 67
59: 45 47 86 88
60: 46 48 87 89
61: 42 44 58 76
62: 41 43 57 75
63: 40 50 78 89
64: 39 49 77 88
65: 16 38 56 82
66: 15 37 55 81
67: 14 44 54 58
68: 13 43 53 57
69: 38 71 82 84
70: 37 72 81 83
71: 40 69 87 89
72: 39 70 86 88
73: 48 80 85 87
74: 47 79 85 86
75: 46 62 78 89
76: 45 61 77 88
77: 42 52 64 76
78: 41 51 63 75
79: 12 74 82 84
80: 11 73 81 83
81: 10 66 70 80
82: 9 65 69 79
83: 70 80 85 86
84: 69 79 85 87
85: 73 74 83 84
86: 59 72 74 83
87: 60 71 73 84
88: 59 64 72 76
89: 60 63 71 75

