1: 65
2: 68
3: 66
4: 67
5: 69
6: 72
7: 70
8: 71
9: 73
10: 76
11: 74
12: 75
13: 77
14: 80
15: 78
16: 79
17: 81
18: 84
19: 82
20: 83
21: 87
22: 88
23: 89
24: 90
25: 85
26: 86
27: 63
28: 64
29: 91
30: 92
31: 93
32: 94
33: 95
34: 96
35: 98
36: 97
37: 102
38: 101
39: 104
40: 103
41: 100
42: 99
43: 93 120
44: 94 125
45: 101 126
46: 102 127
47: 103 128
48: 104 129
49: 95 121
50: 100 122
51: 99 123
52: 62 130
53: 62 91
54: 58 119
55: 59 124
56: 61 132
57: 60 131
58: 54 92
59: 55 96
60: 57 98
61: 56 97
62: 52 53
63: 27 105
64: 28 105
65: 1 108
66: 3 109
67: 4 109
68: 2 108
69: 5 110
70: 7 111
71: 8 111
72: 6 110
73: 9 112
74: 11 113
75: 12 113
76: 10 112
77: 13 114
78: 15 115
79: 16 115
80: 14 114
81: 17 106
82: 19 107
83: 20 107
84: 18 106
85: 25 116
86: 26 116
87: 21 118
88: 22 118
89: 23 117
90: 24 117
91: 29 53
92: 30 58
93: 31 43
94: 32 44
95: 33 49
96: 34 59
97: 36 61
98: 35 60
99: 42 51
100: 41 50
101: 38 45
102: 37 46
103: 40 47
104: 39 48
105: 63 64 120
106: 81 84 125
107: 82 83 125
108: 65 68 127
109: 66 67 127
110: 69 72 126
111: 70 71 126
112: 73 76 129
113: 74 75 129
114: 77 80 128
115: 78 79 128
116: 85 86 121
117: 89 90 122
118: 87 88 123
119: 54 120 130
120: 43 105 119
121: 49 116 124
122: 50 117 131
123: 51 118 132
124: 55 121 125 130
125: 44 106 107 124
126: 45 110 111 132
127: 46 108 109 132
128: 47 114 115 131
129: 48 112 113 131
130: 52 119 124 131 132
131: 57 122 128 129 130
132: 56 123 126 127 130

