1: 4
2: 19 41
3: 18 40
4: 1 5 6
5: 4 17 91
6: 4 16 91
7: 46 47 91
8: 44 45 52
9: 20 21 81
10: 15 29 80
11: 14 28 79
12: 47 49 62
13: 46 48 61
14: 11 58 62
15: 10 57 61
16: 6 19 43
17: 5 18 42
18: 3 17 64
19: 2 16 63
20: 9 33 51 111
21: 9 32 51 110
22: 27 45 56 95
23: 26 44 55 94
24: 37 78 86 99
25: 36 77 85 98
26: 23 35 76 107
27: 22 34 75 106
28: 11 31 62 113
29: 10 30 61 112
30: 29 41 70 109
31: 28 40 69 108
32: 21 41 66 109
33: 20 40 65 108
34: 27 45 93 103
35: 26 44 92 102
36: 25 54 96 100
37: 24 53 97 101
38: 68 97 103 109
39: 67 96 102 108
40: 3 31 33 64
41: 2 30 32 63
42: 17 47 50 64 91
43: 16 46 50 63 91
44: 8 23 35 115 120
45: 8 22 34 114 120
46: 7 13 43 70 121
47: 7 12 42 69 121
48: 13 52 67 121 124
49: 12 52 68 121 125
50: 42 43 65 66 121
51: 20 21 65 66 129
52: 8 48 49 114 115
53: 37 58 78 117 119
54: 36 57 77 116 118
55: 23 58 76 115 119
56: 22 57 75 114 118
57: 15 54 56 80 124
58: 14 53 55 79 125
59: 73 74 88 118 119
60: 71 72 83 84 87
61: 13 15 29 70 124
62: 12 14 28 69 125
63: 19 41 43 66 70
64: 18 40 42 65 69
65: 33 50 51 64 123
66: 32 50 51 63 122
67: 39 48 115 116 123
68: 38 49 114 117 122
69: 31 47 62 64 123
70: 30 46 61 63 122
71: 60 73 88 90 106
72: 60 74 88 89 107
73: 59 71 87 101 128
74: 59 72 87 100 127
75: 27 56 80 103 128
76: 26 55 79 102 127
77: 25 54 80 105 128
78: 24 53 79 104 127
79: 11 58 76 78 113
80: 10 57 75 77 112
81: 9 85 86 110 111
82: 83 84 92 93 126
83: 60 82 90 99 107
84: 60 82 89 98 106
85: 25 81 96 105 126
86: 24 81 97 104 126
87: 60 73 74 98 99
88: 59 71 72 94 95
89: 72 84 92 95 100
90: 71 83 93 94 101
91: 5 6 7 42 43
92: 35 82 89 107 120 131
93: 34 82 90 106 120 130
94: 23 88 90 107 119 120
95: 22 88 89 106 118 120
96: 36 39 85 111 116 131
97: 37 38 86 110 117 130
98: 25 84 87 100 126 128
99: 24 83 87 101 126 127
100: 36 74 89 98 118 131
101: 37 73 90 99 119 130
102: 35 39 76 113 115 131
103: 34 38 75 112 114 130
104: 78 86 111 113 117 131
105: 77 85 110 112 116 130
106: 27 71 84 93 95 128
107: 26 72 83 92 94 127
108: 31 33 39 111 113 123
109: 30 32 38 110 112 122
110: 21 81 97 105 109 129
111: 20 81 96 104 108 129
112: 29 80 103 105 109 124
113: 28 79 102 104 108 125
114: 45 52 56 68 103 124 132
115: 44 52 55 67 102 125 132
116: 54 67 96 105 124 129 132
117: 53 68 97 104 125 129 132
118: 54 56 59 95 100 128 132
119: 53 55 59 94 101 127 132
120: 44 45 92 93 94 95 132
121: 46 47 48 49 50 122 123
122: 66 68 70 109 121 124 129
123: 65 67 69 108 121 125 129
124: 48 57 61 112 114 116 122
125: 49 58 62 113 115 117 123
126: 82 85 86 98 99 130 131
127: 74 76 78 99 107 119 131
128: 73 75 77 98 106 118 130
129: 51 110 111 116 117 122 123
130: 93 97 101 103 105 126 128 132
131: 92 96 100 102 104 126 127 132
132: 114 115 116 117 118 119 120 130 131

