1: 174
2: 175
3: 177
4: 176
5: 179
6: 178
7: 173
8: 164
9: 165
10: 166
11: 167
12: 168
13: 170
14: 172
15: 169
16: 171
17: 158
18: 159
19: 161
20: 160
21: 163
22: 162
23: 130
24: 130
25: 131
26: 131
27: 132
28: 132
29: 133
30: 133
31: 134
32: 134
33: 135
34: 135
35: 136
36: 136
37: 138
38: 138
39: 137
40: 137
41: 140
42: 140
43: 139
44: 139
45: 142
46: 142
47: 141
48: 141
49: 143
50: 143
51: 145
52: 145
53: 144
54: 144
55: 146
56: 146
57: 147
58: 147
59: 148
60: 148
61: 149
62: 149
63: 150
64: 150
65: 151
66: 151
67: 152
68: 152
69: 153
70: 153
71: 154
72: 154
73: 155
74: 155
75: 156
76: 156
77: 157
78: 157
79: 167 181
80: 168 181
81: 164 180
82: 165 180
83: 166 180
84: 164 175
85: 165 177
86: 166 176
87: 167 179
88: 168 178
89: 172 181
90: 171 181
91: 170 180
92: 169 174
93: 170 173
94: 171 173
95: 169 172
96: 158 174
97: 159 175
98: 161 177
99: 160 176
100: 163 179
101: 162 178
102: 131 174
103: 143 175
104: 145 177
105: 144 176
106: 142 179
107: 141 178
108: 130 173
109: 136 164
110: 138 165
111: 137 166
112: 140 167
113: 139 168
114: 133 170
115: 134 172
116: 135 169
117: 132 171
118: 156 158
119: 157 158
120: 150 159
121: 151 159
122: 146 161
123: 147 161
124: 148 160
125: 149 160
126: 152 163
127: 153 163
128: 154 162
129: 155 162
130: 23 24 108
131: 25 26 102
132: 27 28 117
133: 29 30 114
134: 31 32 115
135: 33 34 116
136: 35 36 109
137: 39 40 111
138: 37 38 110
139: 43 44 113
140: 41 42 112
141: 47 48 107
142: 45 46 106
143: 49 50 103
144: 53 54 105
145: 51 52 104
146: 55 56 122
147: 57 58 123
148: 59 60 124
149: 61 62 125
150: 63 64 120
151: 65 66 121
152: 67 68 126
153: 69 70 127
154: 71 72 128
155: 73 74 129
156: 75 76 118
157: 77 78 119
158: 17 96 118 119
159: 18 97 120 121
160: 20 99 124 125
161: 19 98 122 123
162: 22 101 128 129
163: 21 100 126 127
164: 8 81 84 109
165: 9 82 85 110
166: 10 83 86 111
167: 11 79 87 112
168: 12 80 88 113
169: 15 92 95 116
170: 13 91 93 114
171: 16 90 94 117
172: 14 89 95 115
173: 7 93 94 108
174: 1 92 96 102
175: 2 84 97 103
176: 4 86 99 105
177: 3 85 98 104
178: 6 88 101 107
179: 5 87 100 106
180: 81 82 83 91
181: 79 80 89 90

